running egg_info
creating build/my_robot/my_robot.egg-info
writing build/my_robot/my_robot.egg-info/PKG-INFO
writing dependency_links to build/my_robot/my_robot.egg-info/dependency_links.txt
writing entry points to build/my_robot/my_robot.egg-info/entry_points.txt
writing requirements to build/my_robot/my_robot.egg-info/requires.txt
writing top-level names to build/my_robot/my_robot.egg-info/top_level.txt
writing manifest file 'build/my_robot/my_robot.egg-info/SOURCES.txt'
reading manifest file 'build/my_robot/my_robot.egg-info/SOURCES.txt'
adding license file 'LICENSE'
writing manifest file 'build/my_robot/my_robot.egg-info/SOURCES.txt'
running build
running build_py
creating /home/andres/robot_diff/src/my_robot/build/my_robot/build
creating /home/andres/robot_diff/src/my_robot/build/my_robot/build/lib
creating /home/andres/robot_diff/src/my_robot/build/my_robot/build/lib/my_robot
copying my_robot/__init__.py -> /home/andres/robot_diff/src/my_robot/build/my_robot/build/lib/my_robot
copying my_robot/bridge.py -> /home/andres/robot_diff/src/my_robot/build/my_robot/build/lib/my_robot
running install
running install_lib
creating /home/andres/robot_diff/src/my_robot/install/my_robot/lib/python3.10/site-packages/my_robot
copying /home/andres/robot_diff/src/my_robot/build/my_robot/build/lib/my_robot/__init__.py -> /home/andres/robot_diff/src/my_robot/install/my_robot/lib/python3.10/site-packages/my_robot
copying /home/andres/robot_diff/src/my_robot/build/my_robot/build/lib/my_robot/bridge.py -> /home/andres/robot_diff/src/my_robot/install/my_robot/lib/python3.10/site-packages/my_robot
byte-compiling /home/andres/robot_diff/src/my_robot/install/my_robot/lib/python3.10/site-packages/my_robot/__init__.py to __init__.cpython-310.pyc
byte-compiling /home/andres/robot_diff/src/my_robot/install/my_robot/lib/python3.10/site-packages/my_robot/bridge.py to bridge.cpython-310.pyc
running install_data
creating /home/andres/robot_diff/src/my_robot/install/my_robot/share/ament_index
creating /home/andres/robot_diff/src/my_robot/install/my_robot/share/ament_index/resource_index
creating /home/andres/robot_diff/src/my_robot/install/my_robot/share/ament_index/resource_index/packages
copying resource/my_robot -> /home/andres/robot_diff/src/my_robot/install/my_robot/share/ament_index/resource_index/packages
copying package.xml -> /home/andres/robot_diff/src/my_robot/install/my_robot/share/my_robot
creating /home/andres/robot_diff/src/my_robot/install/my_robot/share/my_robot/launch
copying launch/view.launch.py -> /home/andres/robot_diff/src/my_robot/install/my_robot/share/my_robot/launch
creating /home/andres/robot_diff/src/my_robot/install/my_robot/share/my_robot/description
copying description/my_robot.xacro -> /home/andres/robot_diff/src/my_robot/install/my_robot/share/my_robot/description
creating /home/andres/robot_diff/src/my_robot/install/my_robot/share/my_robot/description/urdf
copying description/urdf/robot_diff.urdf -> /home/andres/robot_diff/src/my_robot/install/my_robot/share/my_robot/description/urdf
copying description/urdf/ros2_control.urdf -> /home/andres/robot_diff/src/my_robot/install/my_robot/share/my_robot/description/urdf
copying description/urdf/lidar.urdf -> /home/andres/robot_diff/src/my_robot/install/my_robot/share/my_robot/description/urdf
creating /home/andres/robot_diff/src/my_robot/install/my_robot/share/my_robot/config
copying config/controllers.yaml -> /home/andres/robot_diff/src/my_robot/install/my_robot/share/my_robot/config
running install_egg_info
Copying build/my_robot/my_robot.egg-info to /home/andres/robot_diff/src/my_robot/install/my_robot/lib/python3.10/site-packages/my_robot-0.0.1-py3.10.egg-info
running install_scripts
Installing bridge script to /home/andres/robot_diff/src/my_robot/install/my_robot/lib/my_robot
writing list of installed files to '/home/andres/robot_diff/src/my_robot/build/my_robot/install.log'
