[3.439s] Invoking command in '/home/andres/robot_diff/src/my_robot': PYTHONPATH=/home/andres/robot_diff/src/my_robot/build/my_robot/prefix_override:/usr/lib/python3/dist-packages/colcon_core/task/python/colcon_distutils_commands:/home/andres/robot_diff/src/my_robot/install/my_robot/lib/python3.10/site-packages:${PYTHONPATH} /usr/bin/python3 -W ignore:setup.py install is deprecated -W ignore:easy_install command is deprecated setup.py egg_info --egg-base build/my_robot build --build-base /home/andres/robot_diff/src/my_robot/build/my_robot/build install --record /home/andres/robot_diff/src/my_robot/build/my_robot/install.log --single-version-externally-managed install_data
[4.768s] running egg_info
[4.770s] creating build/my_robot/my_robot.egg-info
[4.771s] writing build/my_robot/my_robot.egg-info/PKG-INFO
[4.772s] writing dependency_links to build/my_robot/my_robot.egg-info/dependency_links.txt
[4.772s] writing entry points to build/my_robot/my_robot.egg-info/entry_points.txt
[4.773s] writing requirements to build/my_robot/my_robot.egg-info/requires.txt
[4.773s] writing top-level names to build/my_robot/my_robot.egg-info/top_level.txt
[4.775s] writing manifest file 'build/my_robot/my_robot.egg-info/SOURCES.txt'
[4.782s] reading manifest file 'build/my_robot/my_robot.egg-info/SOURCES.txt'
[4.783s] adding license file 'LICENSE'
[4.786s] writing manifest file 'build/my_robot/my_robot.egg-info/SOURCES.txt'
[4.786s] running build
[4.786s] running build_py
[4.787s] creating /home/andres/robot_diff/src/my_robot/build/my_robot/build
[4.788s] creating /home/andres/robot_diff/src/my_robot/build/my_robot/build/lib
[4.788s] creating /home/andres/robot_diff/src/my_robot/build/my_robot/build/lib/my_robot
[4.788s] copying my_robot/__init__.py -> /home/andres/robot_diff/src/my_robot/build/my_robot/build/lib/my_robot
[4.789s] copying my_robot/bridge.py -> /home/andres/robot_diff/src/my_robot/build/my_robot/build/lib/my_robot
[4.790s] running install
[4.791s] running install_lib
[4.794s] creating /home/andres/robot_diff/src/my_robot/install/my_robot/lib/python3.10/site-packages/my_robot
[4.795s] copying /home/andres/robot_diff/src/my_robot/build/my_robot/build/lib/my_robot/__init__.py -> /home/andres/robot_diff/src/my_robot/install/my_robot/lib/python3.10/site-packages/my_robot
[4.795s] copying /home/andres/robot_diff/src/my_robot/build/my_robot/build/lib/my_robot/bridge.py -> /home/andres/robot_diff/src/my_robot/install/my_robot/lib/python3.10/site-packages/my_robot
[4.798s] byte-compiling /home/andres/robot_diff/src/my_robot/install/my_robot/lib/python3.10/site-packages/my_robot/__init__.py to __init__.cpython-310.pyc
[4.799s] byte-compiling /home/andres/robot_diff/src/my_robot/install/my_robot/lib/python3.10/site-packages/my_robot/bridge.py to bridge.cpython-310.pyc
[4.805s] running install_data
[4.806s] creating /home/andres/robot_diff/src/my_robot/install/my_robot/share/ament_index
[4.806s] creating /home/andres/robot_diff/src/my_robot/install/my_robot/share/ament_index/resource_index
[4.807s] creating /home/andres/robot_diff/src/my_robot/install/my_robot/share/ament_index/resource_index/packages
[4.807s] copying resource/my_robot -> /home/andres/robot_diff/src/my_robot/install/my_robot/share/ament_index/resource_index/packages
[4.807s] copying package.xml -> /home/andres/robot_diff/src/my_robot/install/my_robot/share/my_robot
[4.808s] creating /home/andres/robot_diff/src/my_robot/install/my_robot/share/my_robot/launch
[4.808s] copying launch/view.launch.py -> /home/andres/robot_diff/src/my_robot/install/my_robot/share/my_robot/launch
[4.810s] creating /home/andres/robot_diff/src/my_robot/install/my_robot/share/my_robot/description
[4.811s] copying description/my_robot.xacro -> /home/andres/robot_diff/src/my_robot/install/my_robot/share/my_robot/description
[4.812s] creating /home/andres/robot_diff/src/my_robot/install/my_robot/share/my_robot/description/urdf
[4.813s] copying description/urdf/robot_diff.urdf -> /home/andres/robot_diff/src/my_robot/install/my_robot/share/my_robot/description/urdf
[4.814s] copying description/urdf/ros2_control.urdf -> /home/andres/robot_diff/src/my_robot/install/my_robot/share/my_robot/description/urdf
[4.815s] copying description/urdf/lidar.urdf -> /home/andres/robot_diff/src/my_robot/install/my_robot/share/my_robot/description/urdf
[4.817s] creating /home/andres/robot_diff/src/my_robot/install/my_robot/share/my_robot/config
[4.817s] copying config/controllers.yaml -> /home/andres/robot_diff/src/my_robot/install/my_robot/share/my_robot/config
[4.818s] running install_egg_info
[4.826s] Copying build/my_robot/my_robot.egg-info to /home/andres/robot_diff/src/my_robot/install/my_robot/lib/python3.10/site-packages/my_robot-0.0.1-py3.10.egg-info
[4.832s] running install_scripts
[4.914s] Installing bridge script to /home/andres/robot_diff/src/my_robot/install/my_robot/lib/my_robot
[4.915s] writing list of installed files to '/home/andres/robot_diff/src/my_robot/build/my_robot/install.log'
[5.035s] Invoked command in '/home/andres/robot_diff/src/my_robot' returned '0': PYTHONPATH=/home/andres/robot_diff/src/my_robot/build/my_robot/prefix_override:/usr/lib/python3/dist-packages/colcon_core/task/python/colcon_distutils_commands:/home/andres/robot_diff/src/my_robot/install/my_robot/lib/python3.10/site-packages:${PYTHONPATH} /usr/bin/python3 -W ignore:setup.py install is deprecated -W ignore:easy_install command is deprecated setup.py egg_info --egg-base build/my_robot build --build-base /home/andres/robot_diff/src/my_robot/build/my_robot/build install --record /home/andres/robot_diff/src/my_robot/build/my_robot/install.log --single-version-externally-managed install_data
