[0.479s] DEBUG:colcon:Command line arguments: ['/usr/bin/colcon', 'build']
[0.480s] DEBUG:colcon:Parsed command line arguments: Namespace(log_base=None, log_level=None, verb_name='build', build_base='build', install_base='install', merge_install=False, symlink_install=False, test_result_base=None, continue_on_error=False, executor='parallel', parallel_workers=4, event_handlers=None, ignore_user_meta=False, metas=['./colcon.meta'], base_paths=['.'], packages_ignore=None, packages_ignore_regex=None, paths=None, packages_up_to=None, packages_up_to_regex=None, packages_above=None, packages_above_and_dependencies=None, packages_above_depth=None, packages_select_by_dep=None, packages_skip_by_dep=None, packages_skip_up_to=None, packages_select_build_failed=False, packages_skip_build_finished=False, packages_select_test_failures=False, packages_skip_test_passed=False, packages_select=None, packages_skip=None, packages_select_regex=None, packages_skip_regex=None, packages_start=None, packages_end=None, allow_overriding=[], cmake_args=None, cmake_target=None, cmake_target_skip_unavailable=False, cmake_clean_cache=False, cmake_clean_first=False, cmake_force_configure=False, ament_cmake_args=None, catkin_cmake_args=None, catkin_skip_building_tests=False, mixin_files=None, mixin=None, verb_parser=<colcon_mixin.mixin.mixin_argument.MixinArgumentDecorator object at 0xffff96e36950>, verb_extension=<colcon_core.verb.build.BuildVerb object at 0xffff96e364a0>, main=<bound method BuildVerb.main of <colcon_core.verb.build.BuildVerb object at 0xffff96e364a0>>, mixin_verb=('build',))
[1.500s] Level 1:colcon.colcon_core.package_discovery:discover_packages(colcon_meta) check parameters
[1.501s] Level 1:colcon.colcon_core.package_discovery:discover_packages(recursive) check parameters
[1.501s] Level 1:colcon.colcon_core.package_discovery:discover_packages(ignore) check parameters
[1.501s] Level 1:colcon.colcon_core.package_discovery:discover_packages(path) check parameters
[1.501s] Level 1:colcon.colcon_core.package_discovery:discover_packages(colcon_meta) discover
[1.501s] Level 1:colcon.colcon_core.package_discovery:discover_packages(recursive) discover
[1.502s] INFO:colcon.colcon_core.package_discovery:Crawling recursively for packages in '/home/andres/robot_diff/src/my_robot'
[1.502s] Level 1:colcon.colcon_core.package_identification:_identify(.) by extensions ['ignore', 'ignore_ament_install']
[1.503s] Level 1:colcon.colcon_core.package_identification:_identify(.) by extension 'ignore'
[1.503s] Level 1:colcon.colcon_core.package_identification:_identify(.) by extension 'ignore_ament_install'
[1.503s] Level 1:colcon.colcon_core.package_identification:_identify(.) by extensions ['colcon_pkg']
[1.503s] Level 1:colcon.colcon_core.package_identification:_identify(.) by extension 'colcon_pkg'
[1.503s] Level 1:colcon.colcon_core.package_identification:_identify(.) by extensions ['colcon_meta']
[1.503s] Level 1:colcon.colcon_core.package_identification:_identify(.) by extension 'colcon_meta'
[1.504s] Level 1:colcon.colcon_core.package_identification:_identify(.) by extensions ['ros']
[1.504s] Level 1:colcon.colcon_core.package_identification:_identify(.) by extension 'ros'
[1.590s] DEBUG:colcon.colcon_core.package_identification:Package '.' with type 'ros.ament_python' and name 'my_robot'
[1.591s] Level 1:colcon.colcon_core.package_discovery:discover_packages(recursive) using defaults
[1.591s] Level 1:colcon.colcon_core.package_discovery:discover_packages(ignore) discover
[1.591s] Level 1:colcon.colcon_core.package_discovery:discover_packages(ignore) using defaults
[1.591s] Level 1:colcon.colcon_core.package_discovery:discover_packages(path) discover
[1.591s] Level 1:colcon.colcon_core.package_discovery:discover_packages(path) using defaults
[1.673s] Level 1:colcon.colcon_core.package_discovery:discover_packages(prefix_path) check parameters
[1.673s] Level 1:colcon.colcon_core.package_discovery:discover_packages(prefix_path) discover
[1.681s] DEBUG:colcon.colcon_installed_package_information.package_discovery:Found 1 installed packages in /home/andres/robot_diff/install
[1.691s] DEBUG:colcon.colcon_installed_package_information.package_discovery:Found 318 installed packages in /opt/ros/humble
[1.698s] Level 1:colcon.colcon_core.package_discovery:discover_packages(prefix_path) using defaults
[1.881s] Level 5:colcon.colcon_core.verb:set package 'my_robot' build argument 'cmake_args' from command line to 'None'
[1.882s] Level 5:colcon.colcon_core.verb:set package 'my_robot' build argument 'cmake_target' from command line to 'None'
[1.882s] Level 5:colcon.colcon_core.verb:set package 'my_robot' build argument 'cmake_target_skip_unavailable' from command line to 'False'
[1.882s] Level 5:colcon.colcon_core.verb:set package 'my_robot' build argument 'cmake_clean_cache' from command line to 'False'
[1.882s] Level 5:colcon.colcon_core.verb:set package 'my_robot' build argument 'cmake_clean_first' from command line to 'False'
[1.882s] Level 5:colcon.colcon_core.verb:set package 'my_robot' build argument 'cmake_force_configure' from command line to 'False'
[1.882s] Level 5:colcon.colcon_core.verb:set package 'my_robot' build argument 'ament_cmake_args' from command line to 'None'
[1.882s] Level 5:colcon.colcon_core.verb:set package 'my_robot' build argument 'catkin_cmake_args' from command line to 'None'
[1.882s] Level 5:colcon.colcon_core.verb:set package 'my_robot' build argument 'catkin_skip_building_tests' from command line to 'False'
[1.882s] DEBUG:colcon.colcon_core.verb:Building package 'my_robot' with the following arguments: {'ament_cmake_args': None, 'build_base': '/home/andres/robot_diff/src/my_robot/build/my_robot', 'catkin_cmake_args': None, 'catkin_skip_building_tests': False, 'cmake_args': None, 'cmake_clean_cache': False, 'cmake_clean_first': False, 'cmake_force_configure': False, 'cmake_target': None, 'cmake_target_skip_unavailable': False, 'install_base': '/home/andres/robot_diff/src/my_robot/install/my_robot', 'merge_install': False, 'path': '/home/andres/robot_diff/src/my_robot', 'symlink_install': False, 'test_result_base': None}
[1.883s] INFO:colcon.colcon_core.executor:Executing jobs using 'parallel' executor
[1.886s] DEBUG:colcon.colcon_parallel_executor.executor.parallel:run_until_complete
[1.887s] INFO:colcon.colcon_ros.task.ament_python.build:Building ROS package in '/home/andres/robot_diff/src/my_robot' with build type 'ament_python'
[1.887s] Level 1:colcon.colcon_core.shell:create_environment_hook('my_robot', 'ament_prefix_path')
[1.896s] INFO:colcon.colcon_core.plugin_system:Skipping extension 'colcon_core.shell.bat': Not used on non-Windows systems
[1.897s] INFO:colcon.colcon_core.shell:Creating environment hook '/home/andres/robot_diff/src/my_robot/install/my_robot/share/my_robot/hook/ament_prefix_path.ps1'
[1.900s] INFO:colcon.colcon_core.shell:Creating environment descriptor '/home/andres/robot_diff/src/my_robot/install/my_robot/share/my_robot/hook/ament_prefix_path.dsv'
[1.901s] INFO:colcon.colcon_core.shell:Creating environment hook '/home/andres/robot_diff/src/my_robot/install/my_robot/share/my_robot/hook/ament_prefix_path.sh'
[1.905s] INFO:colcon.colcon_core.shell:Skip shell extension 'powershell' for command environment: Not usable outside of PowerShell
[1.905s] DEBUG:colcon.colcon_core.shell:Skip shell extension 'dsv' for command environment
[3.342s] INFO:colcon.colcon_core.task.python.build:Building Python package in '/home/andres/robot_diff/src/my_robot'
[3.343s] INFO:colcon.colcon_core.shell:Skip shell extension 'powershell' for command environment: Not usable outside of PowerShell
[3.343s] DEBUG:colcon.colcon_core.shell:Skip shell extension 'dsv' for command environment
[5.328s] DEBUG:colcon.colcon_core.event_handler.log_command:Invoking command in '/home/andres/robot_diff/src/my_robot': PYTHONPATH=/home/andres/robot_diff/src/my_robot/build/my_robot/prefix_override:/usr/lib/python3/dist-packages/colcon_core/task/python/colcon_distutils_commands:/home/andres/robot_diff/src/my_robot/install/my_robot/lib/python3.10/site-packages:${PYTHONPATH} /usr/bin/python3 -W ignore:setup.py install is deprecated -W ignore:easy_install command is deprecated setup.py egg_info --egg-base build/my_robot build --build-base /home/andres/robot_diff/src/my_robot/build/my_robot/build install --record /home/andres/robot_diff/src/my_robot/build/my_robot/install.log --single-version-externally-managed install_data
[6.923s] DEBUG:colcon.colcon_core.event_handler.log_command:Invoked command in '/home/andres/robot_diff/src/my_robot' returned '0': PYTHONPATH=/home/andres/robot_diff/src/my_robot/build/my_robot/prefix_override:/usr/lib/python3/dist-packages/colcon_core/task/python/colcon_distutils_commands:/home/andres/robot_diff/src/my_robot/install/my_robot/lib/python3.10/site-packages:${PYTHONPATH} /usr/bin/python3 -W ignore:setup.py install is deprecated -W ignore:easy_install command is deprecated setup.py egg_info --egg-base build/my_robot build --build-base /home/andres/robot_diff/src/my_robot/build/my_robot/build install --record /home/andres/robot_diff/src/my_robot/build/my_robot/install.log --single-version-externally-managed install_data
[6.933s] Level 1:colcon.colcon_core.environment:checking '/home/andres/robot_diff/src/my_robot/install/my_robot' for CMake module files
[6.935s] Level 1:colcon.colcon_core.environment:checking '/home/andres/robot_diff/src/my_robot/install/my_robot' for CMake config files
[6.940s] Level 1:colcon.colcon_core.environment:checking '/home/andres/robot_diff/src/my_robot/install/my_robot/lib'
[6.940s] Level 1:colcon.colcon_core.environment:checking '/home/andres/robot_diff/src/my_robot/install/my_robot/bin'
[6.941s] Level 1:colcon.colcon_core.environment:checking '/home/andres/robot_diff/src/my_robot/install/my_robot/lib/pkgconfig/my_robot.pc'
[6.942s] Level 1:colcon.colcon_core.environment:checking '/home/andres/robot_diff/src/my_robot/install/my_robot/lib/python3.10/site-packages'
[6.942s] Level 1:colcon.colcon_core.shell:create_environment_hook('my_robot', 'pythonpath')
[6.943s] INFO:colcon.colcon_core.shell:Creating environment hook '/home/andres/robot_diff/src/my_robot/install/my_robot/share/my_robot/hook/pythonpath.ps1'
[6.945s] INFO:colcon.colcon_core.shell:Creating environment descriptor '/home/andres/robot_diff/src/my_robot/install/my_robot/share/my_robot/hook/pythonpath.dsv'
[6.946s] INFO:colcon.colcon_core.shell:Creating environment hook '/home/andres/robot_diff/src/my_robot/install/my_robot/share/my_robot/hook/pythonpath.sh'
[6.949s] Level 1:colcon.colcon_core.environment:checking '/home/andres/robot_diff/src/my_robot/install/my_robot/bin'
[6.949s] Level 1:colcon.colcon_core.environment:create_environment_scripts_only(my_robot)
[6.951s] INFO:colcon.colcon_core.shell:Creating package script '/home/andres/robot_diff/src/my_robot/install/my_robot/share/my_robot/package.ps1'
[6.954s] INFO:colcon.colcon_core.shell:Creating package descriptor '/home/andres/robot_diff/src/my_robot/install/my_robot/share/my_robot/package.dsv'
[6.956s] INFO:colcon.colcon_core.shell:Creating package script '/home/andres/robot_diff/src/my_robot/install/my_robot/share/my_robot/package.sh'
[6.959s] INFO:colcon.colcon_core.shell:Creating package script '/home/andres/robot_diff/src/my_robot/install/my_robot/share/my_robot/package.bash'
[6.962s] INFO:colcon.colcon_core.shell:Creating package script '/home/andres/robot_diff/src/my_robot/install/my_robot/share/my_robot/package.zsh'
[6.965s] Level 1:colcon.colcon_core.environment:create_file_with_runtime_dependencies(/home/andres/robot_diff/src/my_robot/install/my_robot/share/colcon-core/packages/my_robot)
[6.966s] DEBUG:colcon.colcon_parallel_executor.executor.parallel:closing loop
[6.968s] DEBUG:colcon.colcon_parallel_executor.executor.parallel:loop closed
[6.968s] DEBUG:colcon.colcon_parallel_executor.executor.parallel:run_until_complete finished with '0'
[6.968s] DEBUG:colcon.colcon_core.event_reactor:joining thread
[6.988s] INFO:colcon.colcon_core.plugin_system:Skipping extension 'colcon_notification.desktop_notification.terminal_notifier': Not used on non-Darwin systems
[6.989s] INFO:colcon.colcon_core.plugin_system:Skipping extension 'colcon_notification.desktop_notification.win32': Not used on non-Windows systems
[6.989s] INFO:colcon.colcon_notification.desktop_notification:Sending desktop notification using 'notify2'
[7.029s] DEBUG:colcon.colcon_core.event_reactor:joined thread
[7.030s] INFO:colcon.colcon_core.shell:Creating prefix script '/home/andres/robot_diff/src/my_robot/install/local_setup.ps1'
[7.033s] INFO:colcon.colcon_core.shell:Creating prefix util module '/home/andres/robot_diff/src/my_robot/install/_local_setup_util_ps1.py'
[7.040s] INFO:colcon.colcon_core.shell:Creating prefix chain script '/home/andres/robot_diff/src/my_robot/install/setup.ps1'
[7.045s] INFO:colcon.colcon_core.shell:Creating prefix script '/home/andres/robot_diff/src/my_robot/install/local_setup.sh'
[7.048s] INFO:colcon.colcon_core.shell:Creating prefix util module '/home/andres/robot_diff/src/my_robot/install/_local_setup_util_sh.py'
[7.050s] INFO:colcon.colcon_core.shell:Creating prefix chain script '/home/andres/robot_diff/src/my_robot/install/setup.sh'
[7.055s] INFO:colcon.colcon_core.shell:Creating prefix script '/home/andres/robot_diff/src/my_robot/install/local_setup.bash'
[7.057s] INFO:colcon.colcon_core.shell:Creating prefix chain script '/home/andres/robot_diff/src/my_robot/install/setup.bash'
[7.061s] INFO:colcon.colcon_core.shell:Creating prefix script '/home/andres/robot_diff/src/my_robot/install/local_setup.zsh'
[7.063s] INFO:colcon.colcon_core.shell:Creating prefix chain script '/home/andres/robot_diff/src/my_robot/install/setup.zsh'
