[0.956s] Invoking command in '/home/ancafu/robot_diff/src/my_robot': PYTHONPATH=/home/ancafu/robot_diff/build/my_robot/prefix_override:/usr/lib/python3/dist-packages/colcon_core/task/python/colcon_distutils_commands:/home/ancafu/robot_diff/install/my_robot/lib/python3.10/site-packages:${PYTHONPATH} /usr/bin/python3 -W ignore:setup.py install is deprecated -W ignore:easy_install command is deprecated setup.py egg_info --egg-base ../../build/my_robot build --build-base /home/ancafu/robot_diff/build/my_robot/build install --record /home/ancafu/robot_diff/build/my_robot/install.log --single-version-externally-managed install_data
[1.272s] running egg_info
[1.273s] creating ../../build/my_robot/my_robot.egg-info
[1.273s] writing ../../build/my_robot/my_robot.egg-info/PKG-INFO
[1.274s] writing dependency_links to ../../build/my_robot/my_robot.egg-info/dependency_links.txt
[1.274s] writing entry points to ../../build/my_robot/my_robot.egg-info/entry_points.txt
[1.274s] writing requirements to ../../build/my_robot/my_robot.egg-info/requires.txt
[1.275s] writing top-level names to ../../build/my_robot/my_robot.egg-info/top_level.txt
[1.275s] writing manifest file '../../build/my_robot/my_robot.egg-info/SOURCES.txt'
[1.277s] reading manifest file '../../build/my_robot/my_robot.egg-info/SOURCES.txt'
[1.277s] adding license file 'LICENSE'
[1.277s] writing manifest file '../../build/my_robot/my_robot.egg-info/SOURCES.txt'
[1.277s] running build
[1.278s] running build_py
[1.278s] creating /home/ancafu/robot_diff/build/my_robot/build
[1.278s] creating /home/ancafu/robot_diff/build/my_robot/build/lib
[1.278s] creating /home/ancafu/robot_diff/build/my_robot/build/lib/my_robot
[1.279s] copying my_robot/joint_state_publisher.py -> /home/ancafu/robot_diff/build/my_robot/build/lib/my_robot
[1.279s] copying my_robot/__init__.py -> /home/ancafu/robot_diff/build/my_robot/build/lib/my_robot
[1.279s] running install
[1.280s] running install_lib
[1.280s] creating /home/ancafu/robot_diff/install/my_robot/lib/python3.10/site-packages/my_robot
[1.280s] copying /home/ancafu/robot_diff/build/my_robot/build/lib/my_robot/joint_state_publisher.py -> /home/ancafu/robot_diff/install/my_robot/lib/python3.10/site-packages/my_robot
[1.280s] copying /home/ancafu/robot_diff/build/my_robot/build/lib/my_robot/__init__.py -> /home/ancafu/robot_diff/install/my_robot/lib/python3.10/site-packages/my_robot
[1.282s] byte-compiling /home/ancafu/robot_diff/install/my_robot/lib/python3.10/site-packages/my_robot/joint_state_publisher.py to joint_state_publisher.cpython-310.pyc
[1.282s] byte-compiling /home/ancafu/robot_diff/install/my_robot/lib/python3.10/site-packages/my_robot/__init__.py to __init__.cpython-310.pyc
[1.282s] running install_data
[1.283s] creating /home/ancafu/robot_diff/install/my_robot/share/ament_index
[1.283s] creating /home/ancafu/robot_diff/install/my_robot/share/ament_index/resource_index
[1.283s] creating /home/ancafu/robot_diff/install/my_robot/share/ament_index/resource_index/packages
[1.283s] copying resource/my_robot -> /home/ancafu/robot_diff/install/my_robot/share/ament_index/resource_index/packages
[1.283s] copying package.xml -> /home/ancafu/robot_diff/install/my_robot/share/my_robot
[1.284s] creating /home/ancafu/robot_diff/install/my_robot/share/my_robot/launch
[1.284s] copying launch/view.launch.py -> /home/ancafu/robot_diff/install/my_robot/share/my_robot/launch
[1.284s] creating /home/ancafu/robot_diff/install/my_robot/share/my_robot/description
[1.284s] copying description/my_robot.xacro -> /home/ancafu/robot_diff/install/my_robot/share/my_robot/description
[1.285s] creating /home/ancafu/robot_diff/install/my_robot/share/my_robot/description/urdf
[1.285s] copying description/urdf/robot_diff.urdf -> /home/ancafu/robot_diff/install/my_robot/share/my_robot/description/urdf
[1.285s] copying description/urdf/robot_base.urdf -> /home/ancafu/robot_diff/install/my_robot/share/my_robot/description/urdf
[1.285s] creating /home/ancafu/robot_diff/install/my_robot/share/my_robot/config
[1.286s] running install_egg_info
[1.288s] Copying ../../build/my_robot/my_robot.egg-info to /home/ancafu/robot_diff/install/my_robot/lib/python3.10/site-packages/my_robot-0.0.1-py3.10.egg-info
[1.289s] running install_scripts
[1.310s] writing list of installed files to '/home/ancafu/robot_diff/build/my_robot/install.log'
[1.341s] Invoked command in '/home/ancafu/robot_diff/src/my_robot' returned '0': PYTHONPATH=/home/ancafu/robot_diff/build/my_robot/prefix_override:/usr/lib/python3/dist-packages/colcon_core/task/python/colcon_distutils_commands:/home/ancafu/robot_diff/install/my_robot/lib/python3.10/site-packages:${PYTHONPATH} /usr/bin/python3 -W ignore:setup.py install is deprecated -W ignore:easy_install command is deprecated setup.py egg_info --egg-base ../../build/my_robot build --build-base /home/ancafu/robot_diff/build/my_robot/build install --record /home/ancafu/robot_diff/build/my_robot/install.log --single-version-externally-managed install_data
