/home/andres/robot_diff/src/my_robot/install/my_robot/lib/python3.10/site-packages/my_robot/__init__.py
/home/andres/robot_diff/src/my_robot/install/my_robot/lib/python3.10/site-packages/my_robot/bridge.py
/home/andres/robot_diff/src/my_robot/install/my_robot/lib/python3.10/site-packages/my_robot/__pycache__/__init__.cpython-310.pyc
/home/andres/robot_diff/src/my_robot/install/my_robot/lib/python3.10/site-packages/my_robot/__pycache__/bridge.cpython-310.pyc
/home/andres/robot_diff/src/my_robot/install/my_robot/share/ament_index/resource_index/packages/my_robot
/home/andres/robot_diff/src/my_robot/install/my_robot/share/my_robot/package.xml
/home/andres/robot_diff/src/my_robot/install/my_robot/share/my_robot/launch/view.launch.py
/home/andres/robot_diff/src/my_robot/install/my_robot/share/my_robot/description/my_robot.xacro
/home/andres/robot_diff/src/my_robot/install/my_robot/share/my_robot/description/urdf/robot_diff.urdf
/home/andres/robot_diff/src/my_robot/install/my_robot/share/my_robot/description/urdf/ros2_control.urdf
/home/andres/robot_diff/src/my_robot/install/my_robot/share/my_robot/description/urdf/lidar.urdf
/home/andres/robot_diff/src/my_robot/install/my_robot/share/my_robot/config/controllers.yaml
/home/andres/robot_diff/src/my_robot/install/my_robot/lib/python3.10/site-packages/my_robot-0.0.1-py3.10.egg-info/zip-safe
/home/andres/robot_diff/src/my_robot/install/my_robot/lib/python3.10/site-packages/my_robot-0.0.1-py3.10.egg-info/PKG-INFO
/home/andres/robot_diff/src/my_robot/install/my_robot/lib/python3.10/site-packages/my_robot-0.0.1-py3.10.egg-info/top_level.txt
/home/andres/robot_diff/src/my_robot/install/my_robot/lib/python3.10/site-packages/my_robot-0.0.1-py3.10.egg-info/requires.txt
/home/andres/robot_diff/src/my_robot/install/my_robot/lib/python3.10/site-packages/my_robot-0.0.1-py3.10.egg-info/entry_points.txt
/home/andres/robot_diff/src/my_robot/install/my_robot/lib/python3.10/site-packages/my_robot-0.0.1-py3.10.egg-info/dependency_links.txt
/home/andres/robot_diff/src/my_robot/install/my_robot/lib/python3.10/site-packages/my_robot-0.0.1-py3.10.egg-info/SOURCES.txt
/home/andres/robot_diff/src/my_robot/install/my_robot/lib/my_robot/bridge
