running egg_info
writing ../../build/my_robot/my_robot.egg-info/PKG-INFO
writing dependency_links to ../../build/my_robot/my_robot.egg-info/dependency_links.txt
writing entry points to ../../build/my_robot/my_robot.egg-info/entry_points.txt
writing requirements to ../../build/my_robot/my_robot.egg-info/requires.txt
writing top-level names to ../../build/my_robot/my_robot.egg-info/top_level.txt
reading manifest file '../../build/my_robot/my_robot.egg-info/SOURCES.txt'
adding license file 'LICENSE'
writing manifest file '../../build/my_robot/my_robot.egg-info/SOURCES.txt'
running build
running build_py
running install
running install_lib
running install_data
copying config/nav2.yaml -> /home/andres/robot_diff/install/my_robot/share/my_robot/config
running install_egg_info
removing '/home/andres/robot_diff/install/my_robot/lib/python3.10/site-packages/my_robot-0.0.1-py3.10.egg-info' (and everything under it)
Copying ../../build/my_robot/my_robot.egg-info to /home/andres/robot_diff/install/my_robot/lib/python3.10/site-packages/my_robot-0.0.1-py3.10.egg-info
running install_scripts
Installing bridge script to /home/andres/robot_diff/install/my_robot/lib/my_robot
Installing pico_bootloader script to /home/andres/robot_diff/install/my_robot/lib/my_robot
Installing teleop_advanced script to /home/andres/robot_diff/install/my_robot/lib/my_robot
writing list of installed files to '/home/andres/robot_diff/build/my_robot/install.log'
